New log file opened at Tue Nov 17 12:10:42 ECT 2015 by 7981@toshiba
Sending msg to client play-fork-run-fa85619f-08c3-4a0f-9b2b-7031689ef7c0: DetachedLogEvent(LogMessage(debug,sbt server socket logs are in: /mnt/Datos/Universidad/2015-B/Ingenieria de Software II/Proyecto/SonrisitasApp/.sbtserver/connections/master.log))
Sending msg to client play-fork-run-fa85619f-08c3-4a0f-9b2b-7031689ef7c0: DetachedLogEvent(LogMessage(debug,sbt general server logs are in: /mnt/Datos/Universidad/2015-B/Ingenieria de Software II/Proyecto/SonrisitasApp/.sbtserver/master.log))
Sending msg to client play-fork-run-fa85619f-08c3-4a0f-9b2b-7031689ef7c0: DetachedLogEvent(LogMessage(debug,sbt client logs are in: /mnt/Datos/Universidad/2015-B/Ingenieria de Software II/Proyecto/SonrisitasApp/.sbtserver/connections/play-fork-run-fa85619f-08c3-4a0f-9b2b-7031689ef7c0.log))
Reading next message from client.
Got request: DaemonRequest(true)
Reading next message from client.
Sending msg to client play-fork-run-fa85619f-08c3-4a0f-9b2b-7031689ef7c0: (3,ReceivedResponse())
Got request: ListenToEvents()
Reading next message from client.
Sending msg to client play-fork-run-fa85619f-08c3-4a0f-9b2b-7031689ef7c0: BackgroundJobStarted(11,BackgroundJobInfo(2,backgroundRun,AttributeKey[sbt.BackgroundJobHandle]("backgroundRun") in Scope(Build: file:/mnt/Datos/Universidad/2015-B/Ingenieria%20de%20Software%20II/Proyecto/SonrisitasApp/, , Project: ProjectReference(file:/mnt/Datos/Universidad/2015-B/Ingenieria%20de%20Software%20II/Proyecto/SonrisitasApp/,root), Config: compile)))
Sending msg to client play-fork-run-fa85619f-08c3-4a0f-9b2b-7031689ef7c0: (4,ReceivedResponse())
Got request: KeyLookupRequest(root/playForkConfig)
Reading next message from client.
Sending msg to client play-fork-run-fa85619f-08c3-4a0f-9b2b-7031689ef7c0: (5,KeyLookupResponse(root/playForkConfig,Vector(AttributeKey[play.forkrun.protocol.ForkConfig]("playForkConfig") in Scope(Build: file:/mnt/Datos/Universidad/2015-B/Ingenieria%20de%20Software%20II/Proyecto/SonrisitasApp/, , Project: ProjectReference(file:/mnt/Datos/Universidad/2015-B/Ingenieria%20de%20Software%20II/Proyecto/SonrisitasApp/,root)))))
Got request: ListenToValue(AttributeKey[play.forkrun.protocol.ForkConfig]("playForkConfig") in Scope(Build: file:/mnt/Datos/Universidad/2015-B/Ingenieria%20de%20Software%20II/Proyecto/SonrisitasApp/, , Project: ProjectReference(file:/mnt/Datos/Universidad/2015-B/Ingenieria%20de%20Software%20II/Proyecto/SonrisitasApp/,root)))
Reading next message from client.
Sending msg to client play-fork-run-fa85619f-08c3-4a0f-9b2b-7031689ef7c0: (6,ReceivedResponse())
Got request: KeyExecutionRequest(AttributeKey[play.forkrun.protocol.ForkConfig]("playForkConfig") in Scope(Build: file:/mnt/Datos/Universidad/2015-B/Ingenieria%20de%20Software%20II/Proyecto/SonrisitasApp/, , Project: ProjectReference(file:/mnt/Datos/Universidad/2015-B/Ingenieria%20de%20Software%20II/Proyecto/SonrisitasApp/,root)))
Reading next message from client.
Sending msg to client play-fork-run-fa85619f-08c3-4a0f-9b2b-7031689ef7c0: (7,ExecutionRequestReceived(12))
Sending msg to client play-fork-run-fa85619f-08c3-4a0f-9b2b-7031689ef7c0: ExecutionWaiting(12,{file:/mnt/Datos/Universidad/2015-B/Ingenieria%20de%20Software%20II/Proyecto/SonrisitasApp/}root/*:playForkConfig,ClientInfo(fa85619f-08c3-4a0f-9b2b-7031689ef7c0,play-fork-run,Play Fork Run,1,Vector()))
Sending msg to client play-fork-run-fa85619f-08c3-4a0f-9b2b-7031689ef7c0: ExecutionStarting(12)
Sending msg to client play-fork-run-fa85619f-08c3-4a0f-9b2b-7031689ef7c0: DetachedLogEvent(LogMessage(debug,> {file:/mnt/Datos/Universidad/2015-B/Ingenieria%20de%20Software%20II/Proyecto/SonrisitasApp/}root/*:playForkConfig))
Sending msg to client play-fork-run-fa85619f-08c3-4a0f-9b2b-7031689ef7c0: DetachedLogEvent(LogMessage(debug,Evaluating tasks: *:playForkConfig))
Sending msg to client play-fork-run-fa85619f-08c3-4a0f-9b2b-7031689ef7c0: DetachedLogEvent(LogMessage(debug,Running task... Cancel: sbt.server.ServerTaskCancellation@e3427c2, check cycles: false))
Sending msg to client play-fork-run-fa85619f-08c3-4a0f-9b2b-7031689ef7c0: DetachedLogEvent(LogMessage(debug,cancel strategy start enabled=true lastCommand=Some(LastCommand(CommandExecutionWork(ExecutionId(12),{file:/mnt/Datos/Universidad/2015-B/Ingenieria%20de%20Software%20II/Proyecto/SonrisitasApp/}root/*:playForkConfig,Set(LiveClient(play-fork-run fa85619f-08c3-4a0f-9b2b-7031689ef7c0)),sbt.server.WorkCancellationStatus$$anon$1@4704353a)))))
Sending msg to client play-fork-run-fa85619f-08c3-4a0f-9b2b-7031689ef7c0: TaskStarted(12,976,Some(AttributeKey[scala.Option[java.lang.String]]("mainClass") in Scope(Build: file:/mnt/Datos/Universidad/2015-B/Ingenieria%20de%20Software%20II/Proyecto/SonrisitasApp/, , Project: ProjectReference(file:/mnt/Datos/Universidad/2015-B/Ingenieria%20de%20Software%20II/Proyecto/SonrisitasApp/,root), Config: compile, Task: AttributeKey[void]("run"))))
Sending msg to client play-fork-run-fa85619f-08c3-4a0f-9b2b-7031689ef7c0: TaskStarted(12,980,None)
Sending msg to client play-fork-run-fa85619f-08c3-4a0f-9b2b-7031689ef7c0: TaskStarted(12,981,Some(AttributeKey[boolean]("skip") in Scope(Global)))
Sending msg to client play-fork-run-fa85619f-08c3-4a0f-9b2b-7031689ef7c0: TaskStarted(12,986,None)
Sending msg to client play-fork-run-fa85619f-08c3-4a0f-9b2b-7031689ef7c0: TaskStarted(12,987,Some(AttributeKey[java.lang.String]("updateCacheName") in Scope(Build: file:/mnt/Datos/Universidad/2015-B/Ingenieria%20de%20Software%20II/Proyecto/SonrisitasApp/, , Project: ProjectReference(file:/mnt/Datos/Universidad/2015-B/Ingenieria%20de%20Software%20II/Proyecto/SonrisitasApp/,root))))
Sending msg to client play-fork-run-fa85619f-08c3-4a0f-9b2b-7031689ef7c0: TaskStarted(12,996,Some(AttributeKey[scala.collection.Seq[sbt.Credentials]]("credentials") in Scope(Global)))
Sending msg to client play-fork-run-fa85619f-08c3-4a0f-9b2b-7031689ef7c0: TaskStarted(12,1000,Some(AttributeKey[scala.collection.Seq[sbt.Resolver]]("externalResolvers") in Scope(Build: file:/mnt/Datos/Universidad/2015-B/Ingenieria%20de%20Software%20II/Proyecto/SonrisitasApp/, , Project: ProjectReference(file:/mnt/Datos/Universidad/2015-B/Ingenieria%20de%20Software%20II/Proyecto/SonrisitasApp/,root))))
Sending msg to client play-fork-run-fa85619f-08c3-4a0f-9b2b-7031689ef7c0: TaskStarted(12,1004,Some(AttributeKey[scala.Option[scala.collection.Seq[sbt.Resolver]]]("bootResolvers") in Scope(Build: file:/mnt/Datos/Universidad/2015-B/Ingenieria%20de%20Software%20II/Proyecto/SonrisitasApp/, , Project: ProjectReference(file:/mnt/Datos/Universidad/2015-B/Ingenieria%20de%20Software%20II/Proyecto/SonrisitasApp/,root))))
Sending msg to client play-fork-run-fa85619f-08c3-4a0f-9b2b-7031689ef7c0: TaskStarted(12,1006,None)
Sending msg to client play-fork-run-fa85619f-08c3-4a0f-9b2b-7031689ef7c0: TaskStarted(12,1007,None)
Sending msg to client play-fork-run-fa85619f-08c3-4a0f-9b2b-7031689ef7c0: TaskStarted(12,1009,None)
Sending msg to client play-fork-run-fa85619f-08c3-4a0f-9b2b-7031689ef7c0: TaskStarted(12,1010,None)
Sending msg to client play-fork-run-fa85619f-08c3-4a0f-9b2b-7031689ef7c0: TaskStarted(12,1013,Some(AttributeKey[scala.Tuple2[java.lang.String,java.io.File]]("playPrefixAndAssets") in Scope(Build: file:/mnt/Datos/Universidad/2015-B/Ingenieria%20de%20Software%20II/Proyecto/SonrisitasApp/, , Project: ProjectReference(file:/mnt/Datos/Universidad/2015-B/Ingenieria%20de%20Software%20II/Proyecto/SonrisitasApp/,root))))
Sending msg to client play-fork-run-fa85619f-08c3-4a0f-9b2b-7031689ef7c0: TaskStarted(12,1014,Some(AttributeKey[scala.collection.Seq[java.lang.String]]("javaOptions") in Scope(Global)))
Sending msg to client play-fork-run-fa85619f-08c3-4a0f-9b2b-7031689ef7c0: TaskStarted(12,1027,None)
Sending msg to client play-fork-run-fa85619f-08c3-4a0f-9b2b-7031689ef7c0: TaskStarted(12,1029,None)
Sending msg to client play-fork-run-fa85619f-08c3-4a0f-9b2b-7031689ef7c0: TaskFinished(12,981,Some(AttributeKey[boolean]("skip") in Scope(Global)),true,None)
Sending msg to client play-fork-run-fa85619f-08c3-4a0f-9b2b-7031689ef7c0: TaskFinished(12,976,Some(AttributeKey[scala.Option[java.lang.String]]("mainClass") in Scope(Build: file:/mnt/Datos/Universidad/2015-B/Ingenieria%20de%20Software%20II/Proyecto/SonrisitasApp/, , Project: ProjectReference(file:/mnt/Datos/Universidad/2015-B/Ingenieria%20de%20Software%20II/Proyecto/SonrisitasApp/,root), Config: compile, Task: AttributeKey[void]("run"))),true,None)
Sending msg to client play-fork-run-fa85619f-08c3-4a0f-9b2b-7031689ef7c0: TaskFinished(12,986,None,true,None)
Sending msg to client play-fork-run-fa85619f-08c3-4a0f-9b2b-7031689ef7c0: TaskStarted(12,985,None)
Sending msg to client play-fork-run-fa85619f-08c3-4a0f-9b2b-7031689ef7c0: TaskStarted(12,995,None)
Sending msg to client play-fork-run-fa85619f-08c3-4a0f-9b2b-7031689ef7c0: TaskStarted(12,998,None)
Sending msg to client play-fork-run-fa85619f-08c3-4a0f-9b2b-7031689ef7c0: TaskStarted(12,1003,None)
Sending msg to client play-fork-run-fa85619f-08c3-4a0f-9b2b-7031689ef7c0: TaskStarted(12,1011,None)
Sending msg to client play-fork-run-fa85619f-08c3-4a0f-9b2b-7031689ef7c0: TaskStarted(12,1016,None)
Sending msg to client play-fork-run-fa85619f-08c3-4a0f-9b2b-7031689ef7c0: TaskStarted(12,1019,None)
Sending msg to client play-fork-run-fa85619f-08c3-4a0f-9b2b-7031689ef7c0: TaskStarted(12,1022,None)
Sending msg to client play-fork-run-fa85619f-08c3-4a0f-9b2b-7031689ef7c0: TaskFinished(12,987,Some(AttributeKey[java.lang.String]("updateCacheName") in Scope(Build: file:/mnt/Datos/Universidad/2015-B/Ingenieria%20de%20Software%20II/Proyecto/SonrisitasApp/, , Project: ProjectReference(file:/mnt/Datos/Universidad/2015-B/Ingenieria%20de%20Software%20II/Proyecto/SonrisitasApp/,root))),true,None)
Sending msg to client play-fork-run-fa85619f-08c3-4a0f-9b2b-7031689ef7c0: TaskFinished(12,996,Some(AttributeKey[scala.collection.Seq[sbt.Credentials]]("credentials") in Scope(Global)),true,None)
Sending msg to client play-fork-run-fa85619f-08c3-4a0f-9b2b-7031689ef7c0: TaskFinished(12,1000,Some(AttributeKey[scala.collection.Seq[sbt.Resolver]]("externalResolvers") in Scope(Build: file:/mnt/Datos/Universidad/2015-B/Ingenieria%20de%20Software%20II/Proyecto/SonrisitasApp/, , Project: ProjectReference(file:/mnt/Datos/Universidad/2015-B/Ingenieria%20de%20Software%20II/Proyecto/SonrisitasApp/,root))),true,None)
Sending msg to client play-fork-run-fa85619f-08c3-4a0f-9b2b-7031689ef7c0: TaskFinished(12,1004,Some(AttributeKey[scala.Option[scala.collection.Seq[sbt.Resolver]]]("bootResolvers") in Scope(Build: file:/mnt/Datos/Universidad/2015-B/Ingenieria%20de%20Software%20II/Proyecto/SonrisitasApp/, , Project: ProjectReference(file:/mnt/Datos/Universidad/2015-B/Ingenieria%20de%20Software%20II/Proyecto/SonrisitasApp/,root))),true,None)
Sending msg to client play-fork-run-fa85619f-08c3-4a0f-9b2b-7031689ef7c0: TaskFinished(12,1006,None,true,None)
Sending msg to client play-fork-run-fa85619f-08c3-4a0f-9b2b-7031689ef7c0: TaskFinished(12,1009,None,true,None)
Sending msg to client play-fork-run-fa85619f-08c3-4a0f-9b2b-7031689ef7c0: TaskFinished(12,1007,None,true,None)
Sending msg to client play-fork-run-fa85619f-08c3-4a0f-9b2b-7031689ef7c0: TaskStarted(12,1005,Some(AttributeKey[scala.collection.Seq[sbt.UpdateReport]]("transitiveUpdate") in Scope(Build: file:/mnt/Datos/Universidad/2015-B/Ingenieria%20de%20Software%20II/Proyecto/SonrisitasApp/, , Project: ProjectReference(file:/mnt/Datos/Universidad/2015-B/Ingenieria%20de%20Software%20II/Proyecto/SonrisitasApp/,root))))
Sending msg to client play-fork-run-fa85619f-08c3-4a0f-9b2b-7031689ef7c0: TaskFinished(12,1010,None,true,None)
Sending msg to client play-fork-run-fa85619f-08c3-4a0f-9b2b-7031689ef7c0: TaskFinished(12,1014,Some(AttributeKey[scala.collection.Seq[java.lang.String]]("javaOptions") in Scope(Global)),true,None)
Sending msg to client play-fork-run-fa85619f-08c3-4a0f-9b2b-7031689ef7c0: TaskFinished(12,1013,Some(AttributeKey[scala.Tuple2[java.lang.String,java.io.File]]("playPrefixAndAssets") in Scope(Build: file:/mnt/Datos/Universidad/2015-B/Ingenieria%20de%20Software%20II/Proyecto/SonrisitasApp/, , Project: ProjectReference(file:/mnt/Datos/Universidad/2015-B/Ingenieria%20de%20Software%20II/Proyecto/SonrisitasApp/,root))),true,None)
Sending msg to client play-fork-run-fa85619f-08c3-4a0f-9b2b-7031689ef7c0: TaskStarted(12,1012,Some(AttributeKey[scala.collection.Seq[scala.Tuple2[java.lang.String,java.io.File]]]("playAllAssets") in Scope(Build: file:/mnt/Datos/Universidad/2015-B/Ingenieria%20de%20Software%20II/Proyecto/SonrisitasApp/, , Project: ProjectReference(file:/mnt/Datos/Universidad/2015-B/Ingenieria%20de%20Software%20II/Proyecto/SonrisitasApp/,root))))
Sending msg to client play-fork-run-fa85619f-08c3-4a0f-9b2b-7031689ef7c0: TaskFinished(12,1027,None,true,None)
Sending msg to client play-fork-run-fa85619f-08c3-4a0f-9b2b-7031689ef7c0: TaskFinished(12,1029,None,true,None)
Sending msg to client play-fork-run-fa85619f-08c3-4a0f-9b2b-7031689ef7c0: TaskFinished(12,980,None,true,None)
Sending msg to client play-fork-run-fa85619f-08c3-4a0f-9b2b-7031689ef7c0: TaskStarted(12,982,Some(AttributeKey[java.io.File]("dependencyCacheDirectory") in Scope(Build: file:/mnt/Datos/Universidad/2015-B/Ingenieria%20de%20Software%20II/Proyecto/SonrisitasApp/, , Project: ProjectReference(file:/mnt/Datos/Universidad/2015-B/Ingenieria%20de%20Software%20II/Proyecto/SonrisitasApp/,root))))
Sending msg to client play-fork-run-fa85619f-08c3-4a0f-9b2b-7031689ef7c0: TaskStarted(12,993,Some(AttributeKey[sbt.BuildStructure]("buildStructure") in Scope(Global)))
Sending msg to client play-fork-run-fa85619f-08c3-4a0f-9b2b-7031689ef7c0: TaskFinished(12,995,None,true,None)
Sending msg to client play-fork-run-fa85619f-08c3-4a0f-9b2b-7031689ef7c0: TaskFinished(12,998,None,true,None)
Sending msg to client play-fork-run-fa85619f-08c3-4a0f-9b2b-7031689ef7c0: TaskFinished(12,1003,None,true,None)
Sending msg to client play-fork-run-fa85619f-08c3-4a0f-9b2b-7031689ef7c0: TaskFinished(12,1011,None,true,None)
Sending msg to client play-fork-run-fa85619f-08c3-4a0f-9b2b-7031689ef7c0: TaskFinished(12,1016,None,true,None)
Sending msg to client play-fork-run-fa85619f-08c3-4a0f-9b2b-7031689ef7c0: TaskFinished(12,1019,None,true,None)
Sending msg to client play-fork-run-fa85619f-08c3-4a0f-9b2b-7031689ef7c0: TaskFinished(12,1022,None,true,None)
Sending msg to client play-fork-run-fa85619f-08c3-4a0f-9b2b-7031689ef7c0: TaskFinished(12,1005,Some(AttributeKey[scala.collection.Seq[sbt.UpdateReport]]("transitiveUpdate") in Scope(Build: file:/mnt/Datos/Universidad/2015-B/Ingenieria%20de%20Software%20II/Proyecto/SonrisitasApp/, , Project: ProjectReference(file:/mnt/Datos/Universidad/2015-B/Ingenieria%20de%20Software%20II/Proyecto/SonrisitasApp/,root))),true,None)
Sending msg to client play-fork-run-fa85619f-08c3-4a0f-9b2b-7031689ef7c0: TaskFinished(12,985,None,true,None)
Sending msg to client play-fork-run-fa85619f-08c3-4a0f-9b2b-7031689ef7c0: TaskStarted(12,984,Some(AttributeKey[scala.collection.immutable.Map[sbt.ModuleID,sbt.SourcePosition]]("dependencyPositions") in Scope(Build: file:/mnt/Datos/Universidad/2015-B/Ingenieria%20de%20Software%20II/Proyecto/SonrisitasApp/, , Project: ProjectReference(file:/mnt/Datos/Universidad/2015-B/Ingenieria%20de%20Software%20II/Proyecto/SonrisitasApp/,root))))
Sending msg to client play-fork-run-fa85619f-08c3-4a0f-9b2b-7031689ef7c0: TaskFinished(12,1012,Some(AttributeKey[scala.collection.Seq[scala.Tuple2[java.lang.String,java.io.File]]]("playAllAssets") in Scope(Build: file:/mnt/Datos/Universidad/2015-B/Ingenieria%20de%20Software%20II/Proyecto/SonrisitasApp/, , Project: ProjectReference(file:/mnt/Datos/Universidad/2015-B/Ingenieria%20de%20Software%20II/Proyecto/SonrisitasApp/,root))),true,None)
Sending msg to client play-fork-run-fa85619f-08c3-4a0f-9b2b-7031689ef7c0: TaskFinished(12,982,Some(AttributeKey[java.io.File]("dependencyCacheDirectory") in Scope(Build: file:/mnt/Datos/Universidad/2015-B/Ingenieria%20de%20Software%20II/Proyecto/SonrisitasApp/, , Project: ProjectReference(file:/mnt/Datos/Universidad/2015-B/Ingenieria%20de%20Software%20II/Proyecto/SonrisitasApp/,root))),true,None)
Sending msg to client play-fork-run-fa85619f-08c3-4a0f-9b2b-7031689ef7c0: TaskFinished(12,993,Some(AttributeKey[sbt.BuildStructure]("buildStructure") in Scope(Global)),true,None)
Sending msg to client play-fork-run-fa85619f-08c3-4a0f-9b2b-7031689ef7c0: TaskStarted(12,992,Some(AttributeKey[sbt.Settings[sbt.Scope]]("settingsData") in Scope(Global)))
Sending msg to client play-fork-run-fa85619f-08c3-4a0f-9b2b-7031689ef7c0: TaskFinished(12,984,Some(AttributeKey[scala.collection.immutable.Map[sbt.ModuleID,sbt.SourcePosition]]("dependencyPositions") in Scope(Build: file:/mnt/Datos/Universidad/2015-B/Ingenieria%20de%20Software%20II/Proyecto/SonrisitasApp/, , Project: ProjectReference(file:/mnt/Datos/Universidad/2015-B/Ingenieria%20de%20Software%20II/Proyecto/SonrisitasApp/,root))),true,None)
Sending msg to client play-fork-run-fa85619f-08c3-4a0f-9b2b-7031689ef7c0: TaskStarted(12,983,Some(AttributeKey[sbt.UnresolvedWarningConfiguration]("unresolvedWarningConfiguration") in Scope(Build: file:/mnt/Datos/Universidad/2015-B/Ingenieria%20de%20Software%20II/Proyecto/SonrisitasApp/, , Project: ProjectReference(file:/mnt/Datos/Universidad/2015-B/Ingenieria%20de%20Software%20II/Proyecto/SonrisitasApp/,root), Task: AttributeKey[sbt.UpdateReport]("update"))))
Sending msg to client play-fork-run-fa85619f-08c3-4a0f-9b2b-7031689ef7c0: TaskFinished(12,992,Some(AttributeKey[sbt.Settings[sbt.Scope]]("settingsData") in Scope(Global)),true,None)
Sending msg to client play-fork-run-fa85619f-08c3-4a0f-9b2b-7031689ef7c0: TaskStarted(12,991,Some(AttributeKey[scala.collection.Seq[sbt.ModuleID]]("projectDependencies") in Scope(Build: file:/mnt/Datos/Universidad/2015-B/Ingenieria%20de%20Software%20II/Proyecto/SonrisitasApp/, , Project: ProjectReference(file:/mnt/Datos/Universidad/2015-B/Ingenieria%20de%20Software%20II/Proyecto/SonrisitasApp/,root))))
Sending msg to client play-fork-run-fa85619f-08c3-4a0f-9b2b-7031689ef7c0: TaskStarted(12,1002,Some(AttributeKey[scala.collection.immutable.Map[org.apache.ivy.core.module.id.ModuleRevisionId,org.apache.ivy.core.module.descriptor.ModuleDescriptor]]("projectDescriptors") in Scope(Build: file:/mnt/Datos/Universidad/2015-B/Ingenieria%20de%20Software%20II/Proyecto/SonrisitasApp/, , Project: ProjectReference(file:/mnt/Datos/Universidad/2015-B/Ingenieria%20de%20Software%20II/Proyecto/SonrisitasApp/,root))))
Sending msg to client play-fork-run-fa85619f-08c3-4a0f-9b2b-7031689ef7c0: TaskStarted(12,1008,None)
Sending msg to client play-fork-run-fa85619f-08c3-4a0f-9b2b-7031689ef7c0: TaskStarted(12,1020,None)
Sending msg to client play-fork-run-fa85619f-08c3-4a0f-9b2b-7031689ef7c0: TaskStarted(12,1028,Some(AttributeKey[scala.collection.Seq[java.io.File]]("playMonitoredFiles") in Scope(Build: file:/mnt/Datos/Universidad/2015-B/Ingenieria%20de%20Software%20II/Proyecto/SonrisitasApp/, , Project: ProjectReference(file:/mnt/Datos/Universidad/2015-B/Ingenieria%20de%20Software%20II/Proyecto/SonrisitasApp/,root))))
Sending msg to client play-fork-run-fa85619f-08c3-4a0f-9b2b-7031689ef7c0: TaskFinished(12,983,Some(AttributeKey[sbt.UnresolvedWarningConfiguration]("unresolvedWarningConfiguration") in Scope(Build: file:/mnt/Datos/Universidad/2015-B/Ingenieria%20de%20Software%20II/Proyecto/SonrisitasApp/, , Project: ProjectReference(file:/mnt/Datos/Universidad/2015-B/Ingenieria%20de%20Software%20II/Proyecto/SonrisitasApp/,root), Task: AttributeKey[sbt.UpdateReport]("update"))),true,None)
Sending msg to client play-fork-run-fa85619f-08c3-4a0f-9b2b-7031689ef7c0: TaskFinished(12,991,Some(AttributeKey[scala.collection.Seq[sbt.ModuleID]]("projectDependencies") in Scope(Build: file:/mnt/Datos/Universidad/2015-B/Ingenieria%20de%20Software%20II/Proyecto/SonrisitasApp/, , Project: ProjectReference(file:/mnt/Datos/Universidad/2015-B/Ingenieria%20de%20Software%20II/Proyecto/SonrisitasApp/,root))),true,None)
Sending msg to client play-fork-run-fa85619f-08c3-4a0f-9b2b-7031689ef7c0: TaskStarted(12,990,Some(AttributeKey[scala.collection.Seq[sbt.ModuleID]]("allDependencies") in Scope(Build: file:/mnt/Datos/Universidad/2015-B/Ingenieria%20de%20Software%20II/Proyecto/SonrisitasApp/, , Project: ProjectReference(file:/mnt/Datos/Universidad/2015-B/Ingenieria%20de%20Software%20II/Proyecto/SonrisitasApp/,root))))
Sending msg to client play-fork-run-fa85619f-08c3-4a0f-9b2b-7031689ef7c0: TaskStarted(12,1031,None)
Sending msg to client play-fork-run-fa85619f-08c3-4a0f-9b2b-7031689ef7c0: TaskStarted(12,1035,None)
Sending msg to client play-fork-run-fa85619f-08c3-4a0f-9b2b-7031689ef7c0: TaskStarted(12,1036,None)
Sending msg to client play-fork-run-fa85619f-08c3-4a0f-9b2b-7031689ef7c0: TaskStarted(12,1039,None)
Sending msg to client play-fork-run-fa85619f-08c3-4a0f-9b2b-7031689ef7c0: TaskStarted(12,1040,None)
Sending msg to client play-fork-run-fa85619f-08c3-4a0f-9b2b-7031689ef7c0: TaskStarted(12,1042,None)
Sending msg to client play-fork-run-fa85619f-08c3-4a0f-9b2b-7031689ef7c0: TaskStarted(12,1044,None)
Sending msg to client play-fork-run-fa85619f-08c3-4a0f-9b2b-7031689ef7c0: TaskStarted(12,1045,None)
Sending msg to client play-fork-run-fa85619f-08c3-4a0f-9b2b-7031689ef7c0: TaskFinished(12,990,Some(AttributeKey[scala.collection.Seq[sbt.ModuleID]]("allDependencies") in Scope(Build: file:/mnt/Datos/Universidad/2015-B/Ingenieria%20de%20Software%20II/Proyecto/SonrisitasApp/, , Project: ProjectReference(file:/mnt/Datos/Universidad/2015-B/Ingenieria%20de%20Software%20II/Proyecto/SonrisitasApp/,root))),true,None)
Sending msg to client play-fork-run-fa85619f-08c3-4a0f-9b2b-7031689ef7c0: TaskStarted(12,989,Some(AttributeKey[sbt.ModuleSettings]("moduleSettings") in Scope(Build: file:/mnt/Datos/Universidad/2015-B/Ingenieria%20de%20Software%20II/Proyecto/SonrisitasApp/, , Project: ProjectReference(file:/mnt/Datos/Universidad/2015-B/Ingenieria%20de%20Software%20II/Proyecto/SonrisitasApp/,root))))
Sending msg to client play-fork-run-fa85619f-08c3-4a0f-9b2b-7031689ef7c0: TaskFinished(12,1031,None,true,None)
Sending msg to client play-fork-run-fa85619f-08c3-4a0f-9b2b-7031689ef7c0: TaskFinished(12,1008,None,true,None)
Sending msg to client play-fork-run-fa85619f-08c3-4a0f-9b2b-7031689ef7c0: TaskFinished(12,1035,None,true,None)
Sending msg to client play-fork-run-fa85619f-08c3-4a0f-9b2b-7031689ef7c0: TaskFinished(12,1039,None,true,None)
Sending msg to client play-fork-run-fa85619f-08c3-4a0f-9b2b-7031689ef7c0: TaskFinished(12,1036,None,true,None)
Sending msg to client play-fork-run-fa85619f-08c3-4a0f-9b2b-7031689ef7c0: TaskStarted(12,1034,Some(AttributeKey[scala.collection.Seq[sbt.Attributed[java.io.File]]]("unmanagedJars") in Scope(Build: file:/mnt/Datos/Universidad/2015-B/Ingenieria%20de%20Software%20II/Proyecto/SonrisitasApp/, , Project: ProjectReference(file:/mnt/Datos/Universidad/2015-B/Ingenieria%20de%20Software%20II/Proyecto/SonrisitasApp/,root), Config: runtime)))
Sending msg to client play-fork-run-fa85619f-08c3-4a0f-9b2b-7031689ef7c0: TaskFinished(12,1040,None,true,None)
Sending msg to client play-fork-run-fa85619f-08c3-4a0f-9b2b-7031689ef7c0: TaskStarted(12,1038,Some(AttributeKey[scala.collection.Seq[sbt.Attributed[java.io.File]]]("unmanagedJars") in Scope(Build: file:/mnt/Datos/Universidad/2015-B/Ingenieria%20de%20Software%20II/Proyecto/SonrisitasApp/, , Project: ProjectReference(file:/mnt/Datos/Universidad/2015-B/Ingenieria%20de%20Software%20II/Proyecto/SonrisitasApp/,root), Config: compile)))
Sending msg to client play-fork-run-fa85619f-08c3-4a0f-9b2b-7031689ef7c0: TaskFinished(12,1042,None,true,None)
Sending msg to client play-fork-run-fa85619f-08c3-4a0f-9b2b-7031689ef7c0: TaskStarted(12,1041,None)
Sending msg to client play-fork-run-fa85619f-08c3-4a0f-9b2b-7031689ef7c0: TaskFinished(12,1044,None,true,None)
Sending msg to client play-fork-run-fa85619f-08c3-4a0f-9b2b-7031689ef7c0: TaskStarted(12,1043,None)
Sending msg to client play-fork-run-fa85619f-08c3-4a0f-9b2b-7031689ef7c0: TaskFinished(12,989,Some(AttributeKey[sbt.ModuleSettings]("moduleSettings") in Scope(Build: file:/mnt/Datos/Universidad/2015-B/Ingenieria%20de%20Software%20II/Proyecto/SonrisitasApp/, , Project: ProjectReference(file:/mnt/Datos/Universidad/2015-B/Ingenieria%20de%20Software%20II/Proyecto/SonrisitasApp/,root))),true,None)
Sending msg to client play-fork-run-fa85619f-08c3-4a0f-9b2b-7031689ef7c0: TaskFinished(12,1045,None,true,None)
Sending msg to client play-fork-run-fa85619f-08c3-4a0f-9b2b-7031689ef7c0: TaskFinished(12,1028,Some(AttributeKey[scala.collection.Seq[java.io.File]]("playMonitoredFiles") in Scope(Build: file:/mnt/Datos/Universidad/2015-B/Ingenieria%20de%20Software%20II/Proyecto/SonrisitasApp/, , Project: ProjectReference(file:/mnt/Datos/Universidad/2015-B/Ingenieria%20de%20Software%20II/Proyecto/SonrisitasApp/,root))),true,None)
Sending msg to client play-fork-run-fa85619f-08c3-4a0f-9b2b-7031689ef7c0: TaskFinished(12,1038,Some(AttributeKey[scala.collection.Seq[sbt.Attributed[java.io.File]]]("unmanagedJars") in Scope(Build: file:/mnt/Datos/Universidad/2015-B/Ingenieria%20de%20Software%20II/Proyecto/SonrisitasApp/, , Project: ProjectReference(file:/mnt/Datos/Universidad/2015-B/Ingenieria%20de%20Software%20II/Proyecto/SonrisitasApp/,root), Config: compile)),true,None)
Sending msg to client play-fork-run-fa85619f-08c3-4a0f-9b2b-7031689ef7c0: TaskStarted(12,1046,None)
Sending msg to client play-fork-run-fa85619f-08c3-4a0f-9b2b-7031689ef7c0: TaskFinished(12,1034,Some(AttributeKey[scala.collection.Seq[sbt.Attributed[java.io.File]]]("unmanagedJars") in Scope(Build: file:/mnt/Datos/Universidad/2015-B/Ingenieria%20de%20Software%20II/Proyecto/SonrisitasApp/, , Project: ProjectReference(file:/mnt/Datos/Universidad/2015-B/Ingenieria%20de%20Software%20II/Proyecto/SonrisitasApp/,root), Config: runtime)),true,None)
Sending msg to client play-fork-run-fa85619f-08c3-4a0f-9b2b-7031689ef7c0: TaskFinished(12,1046,None,true,None)
Sending msg to client play-fork-run-fa85619f-08c3-4a0f-9b2b-7031689ef7c0: TaskFinished(12,1041,None,true,None)
Sending msg to client play-fork-run-fa85619f-08c3-4a0f-9b2b-7031689ef7c0: TaskStarted(12,1037,Some(AttributeKey[scala.collection.Seq[sbt.Attributed[java.io.File]]]("unmanagedJars") in Scope(Build: file:/mnt/Datos/Universidad/2015-B/Ingenieria%20de%20Software%20II/Proyecto/SonrisitasApp/, , Project: ProjectReference(file:/mnt/Datos/Universidad/2015-B/Ingenieria%20de%20Software%20II/Proyecto/SonrisitasApp/,root), Config: compile)))
Sending msg to client play-fork-run-fa85619f-08c3-4a0f-9b2b-7031689ef7c0: TaskFinished(12,1037,Some(AttributeKey[scala.collection.Seq[sbt.Attributed[java.io.File]]]("unmanagedJars") in Scope(Build: file:/mnt/Datos/Universidad/2015-B/Ingenieria%20de%20Software%20II/Proyecto/SonrisitasApp/, , Project: ProjectReference(file:/mnt/Datos/Universidad/2015-B/Ingenieria%20de%20Software%20II/Proyecto/SonrisitasApp/,root), Config: compile)),true,None)
Sending msg to client play-fork-run-fa85619f-08c3-4a0f-9b2b-7031689ef7c0: TaskStarted(12,1033,None)
Sending msg to client play-fork-run-fa85619f-08c3-4a0f-9b2b-7031689ef7c0: TaskFinished(12,1033,None,true,None)
Sending msg to client play-fork-run-fa85619f-08c3-4a0f-9b2b-7031689ef7c0: TaskStarted(12,1032,None)
Sending msg to client play-fork-run-fa85619f-08c3-4a0f-9b2b-7031689ef7c0: TaskFinished(12,1032,None,true,None)
Sending msg to client play-fork-run-fa85619f-08c3-4a0f-9b2b-7031689ef7c0: TaskFinished(12,1020,None,true,None)
Sending msg to client play-fork-run-fa85619f-08c3-4a0f-9b2b-7031689ef7c0: TaskStarted(12,1018,Some(AttributeKey[scala.collection.Seq[sbt.Attributed[java.io.File]]]("unmanagedClasspath") in Scope(Build: file:/mnt/Datos/Universidad/2015-B/Ingenieria%20de%20Software%20II/Proyecto/SonrisitasApp/, , Project: ProjectReference(file:/mnt/Datos/Universidad/2015-B/Ingenieria%20de%20Software%20II/Proyecto/SonrisitasApp/,root), Config: runtime)))
Sending msg to client play-fork-run-fa85619f-08c3-4a0f-9b2b-7031689ef7c0: TaskFinished(12,1043,None,true,None)
Sending msg to client play-fork-run-fa85619f-08c3-4a0f-9b2b-7031689ef7c0: TaskFinished(12,1002,Some(AttributeKey[scala.collection.immutable.Map[org.apache.ivy.core.module.id.ModuleRevisionId,org.apache.ivy.core.module.descriptor.ModuleDescriptor]]("projectDescriptors") in Scope(Build: file:/mnt/Datos/Universidad/2015-B/Ingenieria%20de%20Software%20II/Proyecto/SonrisitasApp/, , Project: ProjectReference(file:/mnt/Datos/Universidad/2015-B/Ingenieria%20de%20Software%20II/Proyecto/SonrisitasApp/,root))),true,None)
Sending msg to client play-fork-run-fa85619f-08c3-4a0f-9b2b-7031689ef7c0: TaskStarted(12,1001,Some(AttributeKey[sbt.Resolver]("projectResolver") in Scope(Build: file:/mnt/Datos/Universidad/2015-B/Ingenieria%20de%20Software%20II/Proyecto/SonrisitasApp/, , Project: ProjectReference(file:/mnt/Datos/Universidad/2015-B/Ingenieria%20de%20Software%20II/Proyecto/SonrisitasApp/,root))))
Sending msg to client play-fork-run-fa85619f-08c3-4a0f-9b2b-7031689ef7c0: TaskFinished(12,1001,Some(AttributeKey[sbt.Resolver]("projectResolver") in Scope(Build: file:/mnt/Datos/Universidad/2015-B/Ingenieria%20de%20Software%20II/Proyecto/SonrisitasApp/, , Project: ProjectReference(file:/mnt/Datos/Universidad/2015-B/Ingenieria%20de%20Software%20II/Proyecto/SonrisitasApp/,root))),true,None)
Sending msg to client play-fork-run-fa85619f-08c3-4a0f-9b2b-7031689ef7c0: TaskStarted(12,999,Some(AttributeKey[scala.collection.Seq[sbt.Resolver]]("fullResolvers") in Scope(Build: file:/mnt/Datos/Universidad/2015-B/Ingenieria%20de%20Software%20II/Proyecto/SonrisitasApp/, , Project: ProjectReference(file:/mnt/Datos/Universidad/2015-B/Ingenieria%20de%20Software%20II/Proyecto/SonrisitasApp/,root))))
Sending msg to client play-fork-run-fa85619f-08c3-4a0f-9b2b-7031689ef7c0: TaskFinished(12,999,Some(AttributeKey[scala.collection.Seq[sbt.Resolver]]("fullResolvers") in Scope(Build: file:/mnt/Datos/Universidad/2015-B/Ingenieria%20de%20Software%20II/Proyecto/SonrisitasApp/, , Project: ProjectReference(file:/mnt/Datos/Universidad/2015-B/Ingenieria%20de%20Software%20II/Proyecto/SonrisitasApp/,root))),true,None)
Sending msg to client play-fork-run-fa85619f-08c3-4a0f-9b2b-7031689ef7c0: TaskStarted(12,997,Some(AttributeKey[sbt.IvyConfiguration]("ivyConfiguration") in Scope(Build: file:/mnt/Datos/Universidad/2015-B/Ingenieria%20de%20Software%20II/Proyecto/SonrisitasApp/, , Project: ProjectReference(file:/mnt/Datos/Universidad/2015-B/Ingenieria%20de%20Software%20II/Proyecto/SonrisitasApp/,root))))
Sending msg to client play-fork-run-fa85619f-08c3-4a0f-9b2b-7031689ef7c0: TaskFinished(12,1018,Some(AttributeKey[scala.collection.Seq[sbt.Attributed[java.io.File]]]("unmanagedClasspath") in Scope(Build: file:/mnt/Datos/Universidad/2015-B/Ingenieria%20de%20Software%20II/Proyecto/SonrisitasApp/, , Project: ProjectReference(file:/mnt/Datos/Universidad/2015-B/Ingenieria%20de%20Software%20II/Proyecto/SonrisitasApp/,root), Config: runtime)),true,None)
Sending msg to client play-fork-run-fa85619f-08c3-4a0f-9b2b-7031689ef7c0: TaskFinished(12,997,Some(AttributeKey[sbt.IvyConfiguration]("ivyConfiguration") in Scope(Build: file:/mnt/Datos/Universidad/2015-B/Ingenieria%20de%20Software%20II/Proyecto/SonrisitasApp/, , Project: ProjectReference(file:/mnt/Datos/Universidad/2015-B/Ingenieria%20de%20Software%20II/Proyecto/SonrisitasApp/,root))),true,None)
Sending msg to client play-fork-run-fa85619f-08c3-4a0f-9b2b-7031689ef7c0: TaskStarted(12,994,Some(AttributeKey[sbt.IvySbt]("ivySbt") in Scope(Build: file:/mnt/Datos/Universidad/2015-B/Ingenieria%20de%20Software%20II/Proyecto/SonrisitasApp/, , Project: ProjectReference(file:/mnt/Datos/Universidad/2015-B/Ingenieria%20de%20Software%20II/Proyecto/SonrisitasApp/,root))))
Sending msg to client play-fork-run-fa85619f-08c3-4a0f-9b2b-7031689ef7c0: TaskFinished(12,994,Some(AttributeKey[sbt.IvySbt]("ivySbt") in Scope(Build: file:/mnt/Datos/Universidad/2015-B/Ingenieria%20de%20Software%20II/Proyecto/SonrisitasApp/, , Project: ProjectReference(file:/mnt/Datos/Universidad/2015-B/Ingenieria%20de%20Software%20II/Proyecto/SonrisitasApp/,root))),true,None)
Sending msg to client play-fork-run-fa85619f-08c3-4a0f-9b2b-7031689ef7c0: TaskStarted(12,988,Some(AttributeKey[sbt.IvySbt$Module]("ivyModule") in Scope(Build: file:/mnt/Datos/Universidad/2015-B/Ingenieria%20de%20Software%20II/Proyecto/SonrisitasApp/, , Project: ProjectReference(file:/mnt/Datos/Universidad/2015-B/Ingenieria%20de%20Software%20II/Proyecto/SonrisitasApp/,root))))
Sending msg to client play-fork-run-fa85619f-08c3-4a0f-9b2b-7031689ef7c0: TaskFinished(12,988,Some(AttributeKey[sbt.IvySbt$Module]("ivyModule") in Scope(Build: file:/mnt/Datos/Universidad/2015-B/Ingenieria%20de%20Software%20II/Proyecto/SonrisitasApp/, , Project: ProjectReference(file:/mnt/Datos/Universidad/2015-B/Ingenieria%20de%20Software%20II/Proyecto/SonrisitasApp/,root))),true,None)
Sending msg to client play-fork-run-fa85619f-08c3-4a0f-9b2b-7031689ef7c0: TaskStarted(12,979,Some(AttributeKey[sbt.UpdateReport]("update") in Scope(Build: file:/mnt/Datos/Universidad/2015-B/Ingenieria%20de%20Software%20II/Proyecto/SonrisitasApp/, , Project: ProjectReference(file:/mnt/Datos/Universidad/2015-B/Ingenieria%20de%20Software%20II/Proyecto/SonrisitasApp/,root))))
Sending msg to client play-fork-run-fa85619f-08c3-4a0f-9b2b-7031689ef7c0: TaskFinished(12,979,Some(AttributeKey[sbt.UpdateReport]("update") in Scope(Build: file:/mnt/Datos/Universidad/2015-B/Ingenieria%20de%20Software%20II/Proyecto/SonrisitasApp/, , Project: ProjectReference(file:/mnt/Datos/Universidad/2015-B/Ingenieria%20de%20Software%20II/Proyecto/SonrisitasApp/,root))),true,None)
Sending msg to client play-fork-run-fa85619f-08c3-4a0f-9b2b-7031689ef7c0: TaskStarted(12,978,Some(AttributeKey[sbt.UpdateReport]("update") in Scope(Build: file:/mnt/Datos/Universidad/2015-B/Ingenieria%20de%20Software%20II/Proyecto/SonrisitasApp/, , Project: ProjectReference(file:/mnt/Datos/Universidad/2015-B/Ingenieria%20de%20Software%20II/Proyecto/SonrisitasApp/,root))))
Sending msg to client play-fork-run-fa85619f-08c3-4a0f-9b2b-7031689ef7c0: TaskFinished(12,978,Some(AttributeKey[sbt.UpdateReport]("update") in Scope(Build: file:/mnt/Datos/Universidad/2015-B/Ingenieria%20de%20Software%20II/Proyecto/SonrisitasApp/, , Project: ProjectReference(file:/mnt/Datos/Universidad/2015-B/Ingenieria%20de%20Software%20II/Proyecto/SonrisitasApp/,root))),true,None)
Sending msg to client play-fork-run-fa85619f-08c3-4a0f-9b2b-7031689ef7c0: TaskStarted(12,977,Some(AttributeKey[scala.collection.Seq[sbt.Attributed[java.io.File]]]("managedClasspath") in Scope(Build: file:/mnt/Datos/Universidad/2015-B/Ingenieria%20de%20Software%20II/Proyecto/SonrisitasApp/, , Project: ProjectReference(file:/mnt/Datos/Universidad/2015-B/Ingenieria%20de%20Software%20II/Proyecto/SonrisitasApp/,root), Config: docs)))
Sending msg to client play-fork-run-fa85619f-08c3-4a0f-9b2b-7031689ef7c0: TaskStarted(12,1026,Some(AttributeKey[sbt.Configuration]("classpathConfiguration") in Scope(Build: file:/mnt/Datos/Universidad/2015-B/Ingenieria%20de%20Software%20II/Proyecto/SonrisitasApp/, , Project: ProjectReference(file:/mnt/Datos/Universidad/2015-B/Ingenieria%20de%20Software%20II/Proyecto/SonrisitasApp/,root), Config: compile)))
Sending msg to client play-fork-run-fa85619f-08c3-4a0f-9b2b-7031689ef7c0: TaskFinished(12,1026,Some(AttributeKey[sbt.Configuration]("classpathConfiguration") in Scope(Build: file:/mnt/Datos/Universidad/2015-B/Ingenieria%20de%20Software%20II/Proyecto/SonrisitasApp/, , Project: ProjectReference(file:/mnt/Datos/Universidad/2015-B/Ingenieria%20de%20Software%20II/Proyecto/SonrisitasApp/,root), Config: compile)),true,None)
Sending msg to client play-fork-run-fa85619f-08c3-4a0f-9b2b-7031689ef7c0: TaskStarted(12,1025,None)
Sending msg to client play-fork-run-fa85619f-08c3-4a0f-9b2b-7031689ef7c0: TaskFinished(12,977,Some(AttributeKey[scala.collection.Seq[sbt.Attributed[java.io.File]]]("managedClasspath") in Scope(Build: file:/mnt/Datos/Universidad/2015-B/Ingenieria%20de%20Software%20II/Proyecto/SonrisitasApp/, , Project: ProjectReference(file:/mnt/Datos/Universidad/2015-B/Ingenieria%20de%20Software%20II/Proyecto/SonrisitasApp/,root), Config: docs)),true,None)
Sending msg to client play-fork-run-fa85619f-08c3-4a0f-9b2b-7031689ef7c0: TaskStarted(12,1030,Some(AttributeKey[scala.Option[java.io.File]]("playDocsJar") in Scope(Build: file:/mnt/Datos/Universidad/2015-B/Ingenieria%20de%20Software%20II/Proyecto/SonrisitasApp/, , Project: ProjectReference(file:/mnt/Datos/Universidad/2015-B/Ingenieria%20de%20Software%20II/Proyecto/SonrisitasApp/,root))))
Sending msg to client play-fork-run-fa85619f-08c3-4a0f-9b2b-7031689ef7c0: TaskFinished(12,1030,Some(AttributeKey[scala.Option[java.io.File]]("playDocsJar") in Scope(Build: file:/mnt/Datos/Universidad/2015-B/Ingenieria%20de%20Software%20II/Proyecto/SonrisitasApp/, , Project: ProjectReference(file:/mnt/Datos/Universidad/2015-B/Ingenieria%20de%20Software%20II/Proyecto/SonrisitasApp/,root))),true,None)
Sending msg to client play-fork-run-fa85619f-08c3-4a0f-9b2b-7031689ef7c0: TaskFinished(12,1025,None,true,None)
Sending msg to client play-fork-run-fa85619f-08c3-4a0f-9b2b-7031689ef7c0: TaskStarted(12,1024,Some(AttributeKey[sbt.Configuration]("classpathConfiguration") in Scope(Build: file:/mnt/Datos/Universidad/2015-B/Ingenieria%20de%20Software%20II/Proyecto/SonrisitasApp/, , Project: ProjectReference(file:/mnt/Datos/Universidad/2015-B/Ingenieria%20de%20Software%20II/Proyecto/SonrisitasApp/,root), Config: runtime)))
Sending msg to client play-fork-run-fa85619f-08c3-4a0f-9b2b-7031689ef7c0: TaskFinished(12,1024,Some(AttributeKey[sbt.Configuration]("classpathConfiguration") in Scope(Build: file:/mnt/Datos/Universidad/2015-B/Ingenieria%20de%20Software%20II/Proyecto/SonrisitasApp/, , Project: ProjectReference(file:/mnt/Datos/Universidad/2015-B/Ingenieria%20de%20Software%20II/Proyecto/SonrisitasApp/,root), Config: runtime)),true,None)
Sending msg to client play-fork-run-fa85619f-08c3-4a0f-9b2b-7031689ef7c0: TaskStarted(12,1023,None)
Sending msg to client play-fork-run-fa85619f-08c3-4a0f-9b2b-7031689ef7c0: TaskFinished(12,1023,None,true,None)
Sending msg to client play-fork-run-fa85619f-08c3-4a0f-9b2b-7031689ef7c0: TaskStarted(12,1021,Some(AttributeKey[scala.collection.Seq[sbt.Attributed[java.io.File]]]("managedClasspath") in Scope(Build: file:/mnt/Datos/Universidad/2015-B/Ingenieria%20de%20Software%20II/Proyecto/SonrisitasApp/, , Project: ProjectReference(file:/mnt/Datos/Universidad/2015-B/Ingenieria%20de%20Software%20II/Proyecto/SonrisitasApp/,root), Config: runtime)))
Sending msg to client play-fork-run-fa85619f-08c3-4a0f-9b2b-7031689ef7c0: TaskFinished(12,1021,Some(AttributeKey[scala.collection.Seq[sbt.Attributed[java.io.File]]]("managedClasspath") in Scope(Build: file:/mnt/Datos/Universidad/2015-B/Ingenieria%20de%20Software%20II/Proyecto/SonrisitasApp/, , Project: ProjectReference(file:/mnt/Datos/Universidad/2015-B/Ingenieria%20de%20Software%20II/Proyecto/SonrisitasApp/,root), Config: runtime)),true,None)
Sending msg to client play-fork-run-fa85619f-08c3-4a0f-9b2b-7031689ef7c0: TaskStarted(12,1017,None)
Sending msg to client play-fork-run-fa85619f-08c3-4a0f-9b2b-7031689ef7c0: TaskFinished(12,1017,None,true,None)
Sending msg to client play-fork-run-fa85619f-08c3-4a0f-9b2b-7031689ef7c0: TaskStarted(12,1015,Some(AttributeKey[scala.collection.Seq[sbt.Attributed[java.io.File]]]("playDependencyClasspath") in Scope(Build: file:/mnt/Datos/Universidad/2015-B/Ingenieria%20de%20Software%20II/Proyecto/SonrisitasApp/, , Project: ProjectReference(file:/mnt/Datos/Universidad/2015-B/Ingenieria%20de%20Software%20II/Proyecto/SonrisitasApp/,root))))
Sending msg to client play-fork-run-fa85619f-08c3-4a0f-9b2b-7031689ef7c0: TaskFinished(12,1015,Some(AttributeKey[scala.collection.Seq[sbt.Attributed[java.io.File]]]("playDependencyClasspath") in Scope(Build: file:/mnt/Datos/Universidad/2015-B/Ingenieria%20de%20Software%20II/Proyecto/SonrisitasApp/, , Project: ProjectReference(file:/mnt/Datos/Universidad/2015-B/Ingenieria%20de%20Software%20II/Proyecto/SonrisitasApp/,root))),true,None)
Sending msg to client play-fork-run-fa85619f-08c3-4a0f-9b2b-7031689ef7c0: TaskStarted(12,975,Some(AttributeKey[play.forkrun.protocol.ForkConfig]("playForkConfig") in Scope(Build: file:/mnt/Datos/Universidad/2015-B/Ingenieria%20de%20Software%20II/Proyecto/SonrisitasApp/, , Project: ProjectReference(file:/mnt/Datos/Universidad/2015-B/Ingenieria%20de%20Software%20II/Proyecto/SonrisitasApp/,root))))
Sending msg to client play-fork-run-fa85619f-08c3-4a0f-9b2b-7031689ef7c0: TaskFinished(12,975,Some(AttributeKey[play.forkrun.protocol.ForkConfig]("playForkConfig") in Scope(Build: file:/mnt/Datos/Universidad/2015-B/Ingenieria%20de%20Software%20II/Proyecto/SonrisitasApp/, , Project: ProjectReference(file:/mnt/Datos/Universidad/2015-B/Ingenieria%20de%20Software%20II/Proyecto/SonrisitasApp/,root))),true,None)
Sending msg to client play-fork-run-fa85619f-08c3-4a0f-9b2b-7031689ef7c0: ValueChanged(AttributeKey[play.forkrun.protocol.ForkConfig]("playForkConfig") in Scope(Build: file:/mnt/Datos/Universidad/2015-B/Ingenieria%20de%20Software%20II/Proyecto/SonrisitasApp/, , Project: ProjectReference(file:/mnt/Datos/Universidad/2015-B/Ingenieria%20de%20Software%20II/Proyecto/SonrisitasApp/,root)),TaskSuccess(BuildValue(LazyValue(ForkConfig(/mnt/Datos/Universidad/2015-B/Ingenieria de Software II/Proyecto/SonrisitasApp,List(),List(/home/sebastian/.ivy2/cache/org.scala-lang/scala-library/jars/scala-library-2.11.6.jar, /home/sebastian/.ivy2/cache/com.typesafe.play/twirl-api_2.11/jars/twirl-api_2.11-1.1.1.jar, /home/sebastian/.ivy2/cache/org.apache.commons/commons-lang3/jars/commons-lang3-3.4.jar, /home/sebastian/.ivy2/cache/org.scala-lang.modules/scala-xml_2.11/bundles/scala-xml_2.11-1.0.1.jar, /home/sebastian/.ivy2/cache/com.typesafe.play/play-enhancer/jars/play-enhancer-1.1.0.jar, /home/sebastian/.ivy2/cache/com.typesafe.play/play-server_2.11/jars/play-server_2.11-2.4.3.jar, /home/sebastian/.ivy2/cache/com.typesafe.play/play_2.11/jars/play_2.11-2.4.3.jar, /home/sebastian/.ivy2/cache/com.typesafe.play/build-link/jars/build-link-2.4.3.jar, /home/sebastian/.ivy2/cache/com.typesafe.play/play-exceptions/jars/play-exceptions-2.4.3.jar, /home/sebastian/.ivy2/cache/org.javassist/javassist/bundles/javassist-3.19.0-GA.jar, /home/sebastian/.ivy2/cache/com.typesafe.play/play-iteratees_2.11/jars/play-iteratees_2.11-2.4.3.jar, /home/sebastian/.ivy2/cache/org.scala-stm/scala-stm_2.11/jars/scala-stm_2.11-0.7.jar, /home/sebastian/.ivy2/cache/com.typesafe/config/bundles/config-1.3.0.jar, /home/sebastian/.ivy2/cache/com.typesafe.play/play-json_2.11/jars/play-json_2.11-2.4.3.jar, /home/sebastian/.ivy2/cache/com.typesafe.play/play-functional_2.11/jars/play-functional_2.11-2.4.3.jar, /home/sebastian/.ivy2/cache/com.typesafe.play/play-datacommons_2.11/jars/play-datacommons_2.11-2.4.3.jar, /home/sebastian/.ivy2/cache/joda-time/joda-time/jars/joda-time-2.8.1.jar, /home/sebastian/.ivy2/cache/org.joda/joda-convert/jars/joda-convert-1.7.jar, /home/sebastian/.ivy2/cache/org.scala-lang/scala-reflect/jars/scala-reflect-2.11.6.jar, /home/sebastian/.ivy2/cache/com.fasterxml.jackson.core/jackson-core/bundles/jackson-core-2.5.4.jar, /home/sebastian/.ivy2/cache/com.fasterxml.jackson.core/jackson-annotations/bundles/jackson-annotations-2.5.4.jar, /home/sebastian/.ivy2/cache/com.fasterxml.jackson.core/jackson-databind/bundles/jackson-databind-2.5.4.jar, /home/sebastian/.ivy2/cache/com.fasterxml.jackson.datatype/jackson-datatype-jdk8/bundles/jackson-datatype-jdk8-2.5.4.jar, /home/sebastian/.ivy2/cache/com.fasterxml.jackson.datatype/jackson-datatype-jsr310/bundles/jackson-datatype-jsr310-2.5.4.jar, /home/sebastian/.ivy2/cache/com.typesafe.play/play-netty-utils/jars/play-netty-utils-2.4.3.jar, /home/sebastian/.ivy2/cache/org.slf4j/slf4j-api/jars/slf4j-api-1.7.12.jar, /home/sebastian/.ivy2/cache/org.slf4j/jul-to-slf4j/jars/jul-to-slf4j-1.7.12.jar, /home/sebastian/.ivy2/cache/org.slf4j/jcl-over-slf4j/jars/jcl-over-slf4j-1.7.12.jar, /home/sebastian/.ivy2/cache/org.scala-lang.modules/scala-parser-combinators_2.11/bundles/scala-parser-combinators_2.11-1.0.1.jar, /home/sebastian/.ivy2/cache/ch.qos.logback/logback-core/jars/logback-core-1.1.3.jar, /home/sebastian/.ivy2/cache/ch.qos.logback/logback-classic/jars/logback-classic-1.1.3.jar, /home/sebastian/.ivy2/cache/com.typesafe.akka/akka-actor_2.11/jars/akka-actor_2.11-2.3.13.jar, /home/sebastian/.ivy2/cache/com.typesafe.akka/akka-slf4j_2.11/jars/akka-slf4j_2.11-2.3.13.jar, /home/sebastian/.ivy2/cache/commons-codec/commons-codec/jars/commons-codec-1.10.jar, /home/sebastian/.ivy2/cache/xerces/xercesImpl/jars/xercesImpl-2.11.0.jar, /home/sebastian/.ivy2/cache/xml-apis/xml-apis/jars/xml-apis-1.4.01.jar, /home/sebastian/.ivy2/cache/javax.transaction/jta/jars/jta-1.1.jar, /home/sebastian/.ivy2/cache/com.google.inject/guice/jars/guice-4.0.jar, /home/sebastian/.ivy2/cache/javax.inject/javax.inject/jars/javax.inject-1.jar, /home/sebastian/.ivy2/cache/aopalliance/aopalliance/jars/aopalliance-1.0.jar, /home/sebastian/.ivy2/cache/com.google.inject.extensions/guice-assistedinject/jars/guice-assistedinject-4.0.jar, /home/sebastian/.ivy2/cache/com.typesafe.play/play-java_2.11/jars/play-java_2.11-2.4.3.jar, /home/sebastian/.ivy2/cache/org.scala-lang.modules/scala-java8-compat_2.11/bundles/scala-java8-compat_2.11-0.3.0.jar, /home/sebastian/.ivy2/cache/org.yaml/snakeyaml/bundles/snakeyaml-1.15.jar, /home/sebastian/.ivy2/cache/org.hibernate/hibernate-validator/jars/hibernate-validator-5.0.3.Final.jar, /home/sebastian/.ivy2/cache/javax.validation/validation-api/jars/validation-api-1.1.0.Final.jar, /home/sebastian/.ivy2/cache/com.fasterxml/classmate/bundles/classmate-1.0.0.jar, /home/sebastian/.ivy2/cache/org.jboss.logging/jboss-logging/jars/jboss-logging-3.2.1.Final.jar, /home/sebastian/.ivy2/cache/org.springframework/spring-context/jars/spring-context-4.1.6.RELEASE.jar, /home/sebastian/.ivy2/cache/org.springframework/spring-core/jars/spring-core-4.1.6.RELEASE.jar, /home/sebastian/.ivy2/cache/org.springframework/spring-beans/jars/spring-beans-4.1.6.RELEASE.jar, /home/sebastian/.ivy2/cache/org.reflections/reflections/jars/reflections-0.9.9.jar, /home/sebastian/.ivy2/cache/com.google.guava/guava/bundles/guava-18.0.jar, /home/sebastian/.ivy2/cache/com.google.code.findbugs/annotations/jars/annotations-2.0.1.jar, /home/sebastian/.ivy2/cache/net.jodah/typetools/bundles/typetools-0.4.1.jar, /home/sebastian/.ivy2/cache/com.google.code.findbugs/jsr305/jars/jsr305-2.0.3.jar, /home/sebastian/.ivy2/cache/org.apache.tomcat/tomcat-servlet-api/jars/tomcat-servlet-api-8.0.21.jar, /home/sebastian/.ivy2/cache/com.typesafe.play/play-netty-server_2.11/jars/play-netty-server_2.11-2.4.3.jar, /home/sebastian/.ivy2/cache/io.netty/netty/bundles/netty-3.10.4.Final.jar, /home/sebastian/.ivy2/cache/com.typesafe.netty/netty-http-pipelining/jars/netty-http-pipelining-1.1.4.jar, /home/sebastian/.ivy2/cache/com.typesafe.play/play-java-jdbc_2.11/jars/play-java-jdbc_2.11-2.4.3.jar, /home/sebastian/.ivy2/cache/com.typesafe.play/play-jdbc_2.11/jars/play-jdbc_2.11-2.4.3.jar, /home/sebastian/.ivy2/cache/com.typesafe.play/play-jdbc-api_2.11/jars/play-jdbc-api_2.11-2.4.3.jar, /home/sebastian/.ivy2/cache/com.jolbox/bonecp/bundles/bonecp-0.8.0.RELEASE.jar, /home/sebastian/.ivy2/cache/com.zaxxer/HikariCP/bundles/HikariCP-2.3.7.jar, /home/sebastian/.ivy2/cache/com.h2database/h2/jars/h2-1.4.187.jar, /home/sebastian/.ivy2/cache/tyrex/tyrex/jars/tyrex-1.0.1.jar, /home/sebastian/.ivy2/cache/com.typesafe.play/play-cache_2.11/jars/play-cache_2.11-2.4.3.jar, /home/sebastian/.ivy2/cache/net.sf.ehcache/ehcache-core/jars/ehcache-core-2.6.11.jar, /home/sebastian/.ivy2/cache/com.typesafe.play/play-java-ws_2.11/jars/play-java-ws_2.11-2.4.3.jar, /home/sebastian/.ivy2/cache/com.typesafe.play/play-ws_2.11/jars/play-ws_2.11-2.4.3.jar, /home/sebastian/.ivy2/cache/com.ning/async-http-client/jars/async-http-client-1.9.21.jar, /home/sebastian/.ivy2/cache/oauth.signpost/signpost-core/jars/signpost-core-1.2.1.2.jar, /home/sebastian/.ivy2/cache/oauth.signpost/signpost-commonshttp4/jars/signpost-commonshttp4-1.2.1.2.jar, /home/sebastian/.ivy2/cache/org.apache.httpcomponents/httpcore/jars/httpcore-4.0.1.jar, /home/sebastian/.ivy2/cache/org.apache.httpcomponents/httpclient/jars/httpclient-4.0.1.jar, /home/sebastian/.ivy2/cache/commons-logging/commons-logging/jars/commons-logging-1.1.1.jar),List((public/,/mnt/Datos/Universidad/2015-B/Ingenieria de Software II/Proyecto/SonrisitasApp/target/web/public/main)),List(/home/sebastian/.ivy2/cache/com.typesafe.play/play-omnidoc_2.11/jars/play-omnidoc_2.11-2.4.3.jar, /home/sebastian/.ivy2/cache/org.scala-lang/scala-library/jars/scala-library-2.11.6.jar, /home/sebastian/.ivy2/cache/com.typesafe.play/play-docs_2.11/jars/play-docs_2.11-2.4.3.jar, /home/sebastian/.ivy2/cache/com.typesafe.play/play-netty-server_2.11/jars/play-netty-server_2.11-2.4.3.jar, /home/sebastian/.ivy2/cache/com.typesafe.play/play-server_2.11/jars/play-server_2.11-2.4.3.jar, /home/sebastian/.ivy2/cache/com.typesafe.play/play_2.11/jars/play_2.11-2.4.3.jar, /home/sebastian/.ivy2/cache/com.typesafe.play/build-link/jars/build-link-2.4.3.jar, /home/sebastian/.ivy2/cache/com.typesafe.play/play-exceptions/jars/play-exceptions-2.4.3.jar, /home/sebastian/.ivy2/cache/org.javassist/javassist/bundles/javassist-3.19.0-GA.jar, /home/sebastian/.ivy2/cache/com.typesafe.play/play-iteratees_2.11/jars/play-iteratees_2.11-2.4.3.jar, /home/sebastian/.ivy2/cache/org.scala-stm/scala-stm_2.11/jars/scala-stm_2.11-0.7.jar, /home/sebastian/.ivy2/cache/com.typesafe/config/bundles/config-1.3.0.jar, /home/sebastian/.ivy2/cache/com.typesafe.play/play-json_2.11/jars/play-json_2.11-2.4.3.jar, /home/sebastian/.ivy2/cache/com.typesafe.play/play-functional_2.11/jars/play-functional_2.11-2.4.3.jar, /home/sebastian/.ivy2/cache/com.typesafe.play/play-datacommons_2.11/jars/play-datacommons_2.11-2.4.3.jar, /home/sebastian/.ivy2/cache/joda-time/joda-time/jars/joda-time-2.8.1.jar, /home/sebastian/.ivy2/cache/org.joda/joda-convert/jars/joda-convert-1.7.jar, /home/sebastian/.ivy2/cache/org.scala-lang/scala-reflect/jars/scala-reflect-2.11.6.jar, /home/sebastian/.ivy2/cache/com.fasterxml.jackson.core/jackson-core/bundles/jackson-core-2.5.4.jar, /home/sebastian/.ivy2/cache/com.fasterxml.jackson.core/jackson-annotations/bundles/jackson-annotations-2.5.4.jar, /home/sebastian/.ivy2/cache/com.fasterxml.jackson.core/jackson-databind/bundles/jackson-databind-2.5.4.jar, /home/sebastian/.ivy2/cache/com.fasterxml.jackson.datatype/jackson-datatype-jdk8/bundles/jackson-datatype-jdk8-2.5.4.jar, /home/sebastian/.ivy2/cache/com.fasterxml.jackson.datatype/jackson-datatype-jsr310/bundles/jackson-datatype-jsr310-2.5.4.jar, /home/sebastian/.ivy2/cache/com.typesafe.play/play-netty-utils/jars/play-netty-utils-2.4.3.jar, /home/sebastian/.ivy2/cache/org.slf4j/slf4j-api/jars/slf4j-api-1.7.12.jar, /home/sebastian/.ivy2/cache/org.slf4j/jul-to-slf4j/jars/jul-to-slf4j-1.7.12.jar, /home/sebastian/.ivy2/cache/org.slf4j/jcl-over-slf4j/jars/jcl-over-slf4j-1.7.12.jar, /home/sebastian/.ivy2/cache/com.typesafe.play/twirl-api_2.11/jars/twirl-api_2.11-1.1.1.jar, /home/sebastian/.ivy2/cache/org.apache.commons/commons-lang3/jars/commons-lang3-3.4.jar, /home/sebastian/.ivy2/cache/org.scala-lang.modules/scala-xml_2.11/bundles/scala-xml_2.11-1.0.1.jar, /home/sebastian/.ivy2/cache/org.scala-lang.modules/scala-parser-combinators_2.11/bundles/scala-parser-combinators_2.11-1.0.1.jar, /home/sebastian/.ivy2/cache/ch.qos.logback/logback-core/jars/logback-core-1.1.3.jar, /home/sebastian/.ivy2/cache/ch.qos.logback/logback-classic/jars/logback-classic-1.1.3.jar, /home/sebastian/.ivy2/cache/com.typesafe.akka/akka-actor_2.11/jars/akka-actor_2.11-2.3.13.jar, /home/sebastian/.ivy2/cache/com.typesafe.akka/akka-slf4j_2.11/jars/akka-slf4j_2.11-2.3.13.jar, /home/sebastian/.ivy2/cache/commons-codec/commons-codec/jars/commons-codec-1.10.jar, /home/sebastian/.ivy2/cache/xerces/xercesImpl/jars/xercesImpl-2.11.0.jar, /home/sebastian/.ivy2/cache/xml-apis/xml-apis/jars/xml-apis-1.4.01.jar, /home/sebastian/.ivy2/cache/javax.transaction/jta/jars/jta-1.1.jar, /home/sebastian/.ivy2/cache/com.google.inject/guice/jars/guice-4.0.jar, /home/sebastian/.ivy2/cache/javax.inject/javax.inject/jars/javax.inject-1.jar, /home/sebastian/.ivy2/cache/aopalliance/aopalliance/jars/aopalliance-1.0.jar, /home/sebastian/.ivy2/cache/com.google.guava/guava/bundles/guava-16.0.1.jar, /home/sebastian/.ivy2/cache/com.google.inject.extensions/guice-assistedinject/jars/guice-assistedinject-4.0.jar, /home/sebastian/.ivy2/cache/io.netty/netty/bundles/netty-3.10.4.Final.jar, /home/sebastian/.ivy2/cache/com.typesafe.netty/netty-http-pipelining/jars/netty-http-pipelining-1.1.4.jar, /home/sebastian/.ivy2/cache/com.typesafe.play/play-doc_2.11/jars/play-doc_2.11-1.2.2.jar, /home/sebastian/.ivy2/cache/org.pegdown/pegdown/jars/pegdown-1.4.0.jar, /home/sebastian/.ivy2/cache/org.parboiled/parboiled-java/bundles/parboiled-java-1.1.5.jar, /home/sebastian/.ivy2/cache/org.parboiled/parboiled-core/bundles/parboiled-core-1.1.5.jar, /home/sebastian/.ivy2/cache/org.ow2.asm/asm/jars/asm-4.1.jar, /home/sebastian/.ivy2/cache/org.ow2.asm/asm-tree/jars/asm-tree-4.1.jar, /home/sebastian/.ivy2/cache/org.ow2.asm/asm-analysis/jars/asm-analysis-4.1.jar, /home/sebastian/.ivy2/cache/org.ow2.asm/asm-util/jars/asm-util-4.1.jar, /home/sebastian/.ivy2/cache/commons-io/commons-io/jars/commons-io-2.4.jar),Some(/home/sebastian/.ivy2/cache/com.typesafe.play/play-omnidoc_2.11/jars/play-omnidoc_2.11-2.4.3.jar),List(),9000,0.0.0.0,DefaultWatchService,List(/mnt/Datos/Universidad/2015-B/Ingenieria de Software II/Proyecto/SonrisitasApp/public, /mnt/Datos/Universidad/2015-B/Ingenieria de Software II/Proyecto/SonrisitasApp/conf, /mnt/Datos/Universidad/2015-B/Ingenieria de Software II/Proyecto/SonrisitasApp/app),/mnt/Datos/Universidad/2015-B/Ingenieria de Software II/Proyecto/SonrisitasApp/target,500,root/playForkNotifyStart,root/playForkReload,300000,play.core.server.DevServerStart),scala.pickling.PicklerUnpickler$DelegatingPicklerUnpickler@7e0d532f),ForkConfig(/mnt/Datos/Universidad/2015-B/Ingenieria de Software II/Proyecto/SonrisitasApp,List(),List(/home/sebastian/.ivy2/cache/org.scala-lang/scala-library/jars/scala-library-2.11.6.jar, /home/sebastian/.ivy2/cache/com.typesafe.play/twirl-api_2.11/jars/twirl-api_2.11-1.1.1.jar, /home/sebastian/.ivy2/cache/org.apache.commons/commons-lang3/jars/commons-lang3-3.4.jar, /home/sebastian/.ivy2/cache/org.scala-lang.modules/scala-xml_2.11/bundles/scala-xml_2.11-1.0.1.jar, /home/sebastian/.ivy2/cache/com.typesafe.play/play-enhancer/jars/play-enhancer-1.1.0.jar, /home/sebastian/.ivy2/cache/com.typesafe.play/play-server_2.11/jars/play-server_2.11-2.4.3.jar, /home/sebastian/.ivy2/cache/com.typesafe.play/play_2.11/jars/play_2.11-2.4.3.jar, /home/sebastian/.ivy2/cache/com.typesafe.play/build-link/jars/build-link-2.4.3.jar, /home/sebastian/.ivy2/cache/com.typesafe.play/play-exceptions/jars/play-exceptions-2.4.3.jar, /home/sebastian/.ivy2/cache/org.javassist/javassist/bundles/javassist-3.19.0-GA.jar, /home/sebastian/.ivy2/cache/com.typesafe.play/play-iteratees_2.11/jars/play-iteratees_2.11-2.4.3.jar, /home/sebastian/.ivy2/cache/org.scala-stm/scala-stm_2.11/jars/scala-stm_2.11-0.7.jar, /home/sebastian/.ivy2/cache/com.typesafe/config/bundles/config-1.3.0.jar, /home/sebastian/.ivy2/cache/com.typesafe.play/play-json_2.11/jars/play-json_2.11-2.4.3.jar, /home/sebastian/.ivy2/cache/com.typesafe.play/play-functional_2.11/jars/play-functional_2.11-2.4.3.jar, /home/sebastian/.ivy2/cache/com.typesafe.play/play-datacommons_2.11/jars/play-datacommons_2.11-2.4.3.jar, /home/sebastian/.ivy2/cache/joda-time/joda-time/jars/joda-time-2.8.1.jar, /home/sebastian/.ivy2/cache/org.joda/joda-convert/jars/joda-convert-1.7.jar, /home/sebastian/.ivy2/cache/org.scala-lang/scala-reflect/jars/scala-reflect-2.11.6.jar, /home/sebastian/.ivy2/cache/com.fasterxml.jackson.core/jackson-core/bundles/jackson-core-2.5.4.jar, /home/sebastian/.ivy2/cache/com.fasterxml.jackson.core/jackson-annotations/bundles/jackson-annotations-2.5.4.jar, /home/sebastian/.ivy2/cache/com.fasterxml.jackson.core/jackson-databind/bundles/jackson-databind-2.5.4.jar, /home/sebastian/.ivy2/cache/com.fasterxml.jackson.datatype/jackson-datatype-jdk8/bundles/jackson-datatype-jdk8-2.5.4.jar, /home/sebastian/.ivy2/cache/com.fasterxml.jackson.datatype/jackson-datatype-jsr310/bundles/jackson-datatype-jsr310-2.5.4.jar, /home/sebastian/.ivy2/cache/com.typesafe.play/play-netty-utils/jars/play-netty-utils-2.4.3.jar, /home/sebastian/.ivy2/cache/org.slf4j/slf4j-api/jars/slf4j-api-1.7.12.jar, /home/sebastian/.ivy2/cache/org.slf4j/jul-to-slf4j/jars/jul-to-slf4j-1.7.12.jar, /home/sebastian/.ivy2/cache/org.slf4j/jcl-over-slf4j/jars/jcl-over-slf4j-1.7.12.jar, /home/sebastian/.ivy2/cache/org.scala-lang.modules/scala-parser-combinators_2.11/bundles/scala-parser-combinators_2.11-1.0.1.jar, /home/sebastian/.ivy2/cache/ch.qos.logback/logback-core/jars/logback-core-1.1.3.jar, /home/sebastian/.ivy2/cache/ch.qos.logback/logback-classic/jars/logback-classic-1.1.3.jar, /home/sebastian/.ivy2/cache/com.typesafe.akka/akka-actor_2.11/jars/akka-actor_2.11-2.3.13.jar, /home/sebastian/.ivy2/cache/com.typesafe.akka/akka-slf4j_2.11/jars/akka-slf4j_2.11-2.3.13.jar, /home/sebastian/.ivy2/cache/commons-codec/commons-codec/jars/commons-codec-1.10.jar, /home/sebastian/.ivy2/cache/xerces/xercesImpl/jars/xercesImpl-2.11.0.jar, /home/sebastian/.ivy2/cache/xml-apis/xml-apis/jars/xml-apis-1.4.01.jar, /home/sebastian/.ivy2/cache/javax.transaction/jta/jars/jta-1.1.jar, /home/sebastian/.ivy2/cache/com.google.inject/guice/jars/guice-4.0.jar, /home/sebastian/.ivy2/cache/javax.inject/javax.inject/jars/javax.inject-1.jar, /home/sebastian/.ivy2/cache/aopalliance/aopalliance/jars/aopalliance-1.0.jar, /home/sebastian/.ivy2/cache/com.google.inject.extensions/guice-assistedinject/jars/guice-assistedinject-4.0.jar, /home/sebastian/.ivy2/cache/com.typesafe.play/play-java_2.11/jars/play-java_2.11-2.4.3.jar, /home/sebastian/.ivy2/cache/org.scala-lang.modules/scala-java8-compat_2.11/bundles/scala-java8-compat_2.11-0.3.0.jar, /home/sebastian/.ivy2/cache/org.yaml/snakeyaml/bundles/snakeyaml-1.15.jar, /home/sebastian/.ivy2/cache/org.hibernate/hibernate-validator/jars/hibernate-validator-5.0.3.Final.jar, /home/sebastian/.ivy2/cache/javax.validation/validation-api/jars/validation-api-1.1.0.Final.jar, /home/sebastian/.ivy2/cache/com.fasterxml/classmate/bundles/classmate-1.0.0.jar, /home/sebastian/.ivy2/cache/org.jboss.logging/jboss-logging/jars/jboss-logging-3.2.1.Final.jar, /home/sebastian/.ivy2/cache/org.springframework/spring-context/jars/spring-context-4.1.6.RELEASE.jar, /home/sebastian/.ivy2/cache/org.springframework/spring-core/jars/spring-core-4.1.6.RELEASE.jar, /home/sebastian/.ivy2/cache/org.springframework/spring-beans/jars/spring-beans-4.1.6.RELEASE.jar, /home/sebastian/.ivy2/cache/org.reflections/reflections/jars/reflections-0.9.9.jar, /home/sebastian/.ivy2/cache/com.google.guava/guava/bundles/guava-18.0.jar, /home/sebastian/.ivy2/cache/com.google.code.findbugs/annotations/jars/annotations-2.0.1.jar, /home/sebastian/.ivy2/cache/net.jodah/typetools/bundles/typetools-0.4.1.jar, /home/sebastian/.ivy2/cache/com.google.code.findbugs/jsr305/jars/jsr305-2.0.3.jar, /home/sebastian/.ivy2/cache/org.apache.tomcat/tomcat-servlet-api/jars/tomcat-servlet-api-8.0.21.jar, /home/sebastian/.ivy2/cache/com.typesafe.play/play-netty-server_2.11/jars/play-netty-server_2.11-2.4.3.jar, /home/sebastian/.ivy2/cache/io.netty/netty/bundles/netty-3.10.4.Final.jar, /home/sebastian/.ivy2/cache/com.typesafe.netty/netty-http-pipelining/jars/netty-http-pipelining-1.1.4.jar, /home/sebastian/.ivy2/cache/com.typesafe.play/play-java-jdbc_2.11/jars/play-java-jdbc_2.11-2.4.3.jar, /home/sebastian/.ivy2/cache/com.typesafe.play/play-jdbc_2.11/jars/play-jdbc_2.11-2.4.3.jar, /home/sebastian/.ivy2/cache/com.typesafe.play/play-jdbc-api_2.11/jars/play-jdbc-api_2.11-2.4.3.jar, /home/sebastian/.ivy2/cache/com.jolbox/bonecp/bundles/bonecp-0.8.0.RELEASE.jar, /home/sebastian/.ivy2/cache/com.zaxxer/HikariCP/bundles/HikariCP-2.3.7.jar, /home/sebastian/.ivy2/cache/com.h2database/h2/jars/h2-1.4.187.jar, /home/sebastian/.ivy2/cache/tyrex/tyrex/jars/tyrex-1.0.1.jar, /home/sebastian/.ivy2/cache/com.typesafe.play/play-cache_2.11/jars/play-cache_2.11-2.4.3.jar, /home/sebastian/.ivy2/cache/net.sf.ehcache/ehcache-core/jars/ehcache-core-2.6.11.jar, /home/sebastian/.ivy2/cache/com.typesafe.play/play-java-ws_2.11/jars/play-java-ws_2.11-2.4.3.jar, /home/sebastian/.ivy2/cache/com.typesafe.play/play-ws_2.11/jars/play-ws_2.11-2.4.3.jar, /home/sebastian/.ivy2/cache/com.ning/async-http-client/jars/async-http-client-1.9.21.jar, /home/sebastian/.ivy2/cache/oauth.signpost/signpost-core/jars/signpost-core-1.2.1.2.jar, /home/sebastian/.ivy2/cache/oauth.signpost/signpost-commonshttp4/jars/signpost-commonshttp4-1.2.1.2.jar, /home/sebastian/.ivy2/cache/org.apache.httpcomponents/httpcore/jars/httpcore-4.0.1.jar, /home/sebastian/.ivy2/cache/org.apache.httpcomponents/httpclient/jars/httpclient-4.0.1.jar, /home/sebastian/.ivy2/cache/commons-logging/commons-logging/jars/commons-logging-1.1.1.jar),List((public/,/mnt/Datos/Universidad/2015-B/Ingenieria de Software II/Proyecto/SonrisitasApp/target/web/public/main)),List(/home/sebastian/.ivy2/cache/com.typesafe.play/play-omnidoc_2.11/jars/play-omnidoc_2.11-2.4.3.jar, /home/sebastian/.ivy2/cache/org.scala-lang/scala-library/jars/scala-library-2.11.6.jar, /home/sebastian/.ivy2/cache/com.typesafe.play/play-docs_2.11/jars/play-docs_2.11-2.4.3.jar, /home/sebastian/.ivy2/cache/com.typesafe.play/play-netty-server_2.11/jars/play-netty-server_2.11-2.4.3.jar, /home/sebastian/.ivy2/cache/com.typesafe.play/play-server_2.11/jars/play-server_2.11-2.4.3.jar, /home/sebastian/.ivy2/cache/com.typesafe.play/play_2.11/jars/play_2.11-2.4.3.jar, /home/sebastian/.ivy2/cache/com.typesafe.play/build-link/jars/build-link-2.4.3.jar, /home/sebastian/.ivy2/cache/com.typesafe.play/play-exceptions/jars/play-exceptions-2.4.3.jar, /home/sebastian/.ivy2/cache/org.javassist/javassist/bundles/javassist-3.19.0-GA.jar, /home/sebastian/.ivy2/cache/com.typesafe.play/play-iteratees_2.11/jars/play-iteratees_2.11-2.4.3.jar, /home/sebastian/.ivy2/cache/org.scala-stm/scala-stm_2.11/jars/scala-stm_2.11-0.7.jar, /home/sebastian/.ivy2/cache/com.typesafe/config/bundles/config-1.3.0.jar, /home/sebastian/.ivy2/cache/com.typesafe.play/play-json_2.11/jars/play-json_2.11-2.4.3.jar, /home/sebastian/.ivy2/cache/com.typesafe.play/play-functional_2.11/jars/play-functional_2.11-2.4.3.jar, /home/sebastian/.ivy2/cache/com.typesafe.play/play-datacommons_2.11/jars/play-datacommons_2.11-2.4.3.jar, /home/sebastian/.ivy2/cache/joda-time/joda-time/jars/joda-time-2.8.1.jar, /home/sebastian/.ivy2/cache/org.joda/joda-convert/jars/joda-convert-1.7.jar, /home/sebastian/.ivy2/cache/org.scala-lang/scala-reflect/jars/scala-reflect-2.11.6.jar, /home/sebastian/.ivy2/cache/com.fasterxml.jackson.core/jackson-core/bundles/jackson-core-2.5.4.jar, /home/sebastian/.ivy2/cache/com.fasterxml.jackson.core/jackson-annotations/bundles/jackson-annotations-2.5.4.jar, /home/sebastian/.ivy2/cache/com.fasterxml.jackson.core/jackson-databind/bundles/jackson-databind-2.5.4.jar, /home/sebastian/.ivy2/cache/com.fasterxml.jackson.datatype/jackson-datatype-jdk8/bundles/jackson-datatype-jdk8-2.5.4.jar, /home/sebastian/.ivy2/cache/com.fasterxml.jackson.datatype/jackson-datatype-jsr310/bundles/jackson-datatype-jsr310-2.5.4.jar, /home/sebastian/.ivy2/cache/com.typesafe.play/play-netty-utils/jars/play-netty-utils-2.4.3.jar, /home/sebastian/.ivy2/cache/org.slf4j/slf4j-api/jars/slf4j-api-1.7.12.jar, /home/sebastian/.ivy2/cache/org.slf4j/jul-to-slf4j/jars/jul-to-slf4j-1.7.12.jar, /home/sebastian/.ivy2/cache/org.slf4j/jcl-over-slf4j/jars/jcl-over-slf4j-1.7.12.jar, /home/sebastian/.ivy2/cache/com.typesafe.play/twirl-api_2.11/jars/twirl-api_2.11-1.1.1.jar, /home/sebastian/.ivy2/cache/org.apache.commons/commons-lang3/jars/commons-lang3-3.4.jar, /home/sebastian/.ivy2/cache/org.scala-lang.modules/scala-xml_2.11/bundles/scala-xml_2.11-1.0.1.jar, /home/sebastian/.ivy2/cache/org.scala-lang.modules/scala-parser-combinators_2.11/bundles/scala-parser-combinators_2.11-1.0.1.jar, /home/sebastian/.ivy2/cache/ch.qos.logback/logback-core/jars/logback-core-1.1.3.jar, /home/sebastian/.ivy2/cache/ch.qos.logback/logback-classic/jars/logback-classic-1.1.3.jar, /home/sebastian/.ivy2/cache/com.typesafe.akka/akka-actor_2.11/jars/akka-actor_2.11-2.3.13.jar, /home/sebastian/.ivy2/cache/com.typesafe.akka/akka-slf4j_2.11/jars/akka-slf4j_2.11-2.3.13.jar, /home/sebastian/.ivy2/cache/commons-codec/commons-codec/jars/commons-codec-1.10.jar, /home/sebastian/.ivy2/cache/xerces/xercesImpl/jars/xercesImpl-2.11.0.jar, /home/sebastian/.ivy2/cache/xml-apis/xml-apis/jars/xml-apis-1.4.01.jar, /home/sebastian/.ivy2/cache/javax.transaction/jta/jars/jta-1.1.jar, /home/sebastian/.ivy2/cache/com.google.inject/guice/jars/guice-4.0.jar, /home/sebastian/.ivy2/cache/javax.inject/javax.inject/jars/javax.inject-1.jar, /home/sebastian/.ivy2/cache/aopalliance/aopalliance/jars/aopalliance-1.0.jar, /home/sebastian/.ivy2/cache/com.google.guava/guava/bundles/guava-16.0.1.jar, /home/sebastian/.ivy2/cache/com.google.inject.extensions/guice-assistedinject/jars/guice-assistedinject-4.0.jar, /home/sebastian/.ivy2/cache/io.netty/netty/bundles/netty-3.10.4.Final.jar, /home/sebastian/.ivy2/cache/com.typesafe.netty/netty-http-pipelining/jars/netty-http-pipelining-1.1.4.jar, /home/sebastian/.ivy2/cache/com.typesafe.play/play-doc_2.11/jars/play-doc_2.11-1.2.2.jar, /home/sebastian/.ivy2/cache/org.pegdown/pegdown/jars/pegdown-1.4.0.jar, /home/sebastian/.ivy2/cache/org.parboiled/parboiled-java/bundles/parboiled-java-1.1.5.jar, /home/sebastian/.ivy2/cache/org.parboiled/parboiled-core/bundles/parboiled-core-1.1.5.jar, /home/sebastian/.ivy2/cache/org.ow2.asm/asm/jars/asm-4.1.jar, /home/sebastian/.ivy2/cache/org.ow2.asm/asm-tree/jars/asm-tree-4.1.jar, /home/sebastian/.ivy2/cache/org.ow2.asm/asm-analysis/jars/asm-analysis-4.1.jar, /home/sebastian/.ivy2/cache/org.ow2.asm/asm-util/jars/asm-util-4.1.jar, /home/sebastian/.ivy2/cache/commons-io/commons-io/jars/commons-io-2.4.jar),Some(/home/sebastian/.ivy2/cache/com.typesafe.play/play-omnidoc_2.11/jars/play-omnidoc_2.11-2.4.3.jar),List(),9000,0.0.0.0,DefaultWatchService,List(/mnt/Datos/Universidad/2015-B/Ingenieria de Software II/Proyecto/SonrisitasApp/public, /mnt/Datos/Universidad/2015-B/Ingenieria de Software II/Proyecto/SonrisitasApp/conf, /mnt/Datos/Universidad/2015-B/Ingenieria de Software II/Proyecto/SonrisitasApp/app),/mnt/Datos/Universidad/2015-B/Ingenieria de Software II/Proyecto/SonrisitasApp/target,500,root/playForkNotifyStart,root/playForkReload,300000,play.core.server.DevServerStart))))
Sending msg to client play-fork-run-fa85619f-08c3-4a0f-9b2b-7031689ef7c0: TaskStarted(12,974,None)
Sending msg to client play-fork-run-fa85619f-08c3-4a0f-9b2b-7031689ef7c0: TaskFinished(12,974,None,true,None)
Sending msg to client play-fork-run-fa85619f-08c3-4a0f-9b2b-7031689ef7c0: TaskStarted(12,973,None)
Sending msg to client play-fork-run-fa85619f-08c3-4a0f-9b2b-7031689ef7c0: TaskFinished(12,973,None,true,None)
Sending msg to client play-fork-run-fa85619f-08c3-4a0f-9b2b-7031689ef7c0: DetachedLogEvent(LogMessage(debug,cancel strategy finish enabled=false lastCommand=Some(LastCommand(CommandExecutionWork(ExecutionId(12),{file:/mnt/Datos/Universidad/2015-B/Ingenieria%20de%20Software%20II/Proyecto/SonrisitasApp/}root/*:playForkConfig,Set(LiveClient(play-fork-run fa85619f-08c3-4a0f-9b2b-7031689ef7c0)),sbt.server.WorkCancellationStatus$$anon$1@4704353a)))))
Sending msg to client play-fork-run-fa85619f-08c3-4a0f-9b2b-7031689ef7c0: DetachedLogEvent(LogSuccess(Total time: 0 s, completed 17/11/2015 12:10:43))
Sending msg to client play-fork-run-fa85619f-08c3-4a0f-9b2b-7031689ef7c0: DetachedLogEvent(LogMessage(debug,> server-post-command-cleanup))
Sending msg to client play-fork-run-fa85619f-08c3-4a0f-9b2b-7031689ef7c0: ExecutionSuccess(12)
Sending msg to client play-fork-run-fa85619f-08c3-4a0f-9b2b-7031689ef7c0: DetachedLogEvent(LogMessage(debug,> server-handle-next-server-request))
Sending msg to client play-fork-run-fa85619f-08c3-4a0f-9b2b-7031689ef7c0: BackgroundJobLogEvent(2,LogMessage(info,))
Sending msg to client play-fork-run-fa85619f-08c3-4a0f-9b2b-7031689ef7c0: BackgroundJobLogEvent(2,LogMessage(info,[35m--- (Running the application, auto-reloading is enabled) ---[0m))
Sending msg to client play-fork-run-fa85619f-08c3-4a0f-9b2b-7031689ef7c0: BackgroundJobLogEvent(2,LogMessage(info,))
Sending msg to client play-fork-run-fa85619f-08c3-4a0f-9b2b-7031689ef7c0: BackgroundJobLogEvent(2,LogMessage(info,p.c.s.NettyServer - Listening for HTTP on /0:0:0:0:0:0:0:0:9000))
Sending msg to client play-fork-run-fa85619f-08c3-4a0f-9b2b-7031689ef7c0: BackgroundJobLogEvent(2,LogMessage(info,))
Sending msg to client play-fork-run-fa85619f-08c3-4a0f-9b2b-7031689ef7c0: BackgroundJobLogEvent(2,LogMessage(info,[32m(Server started, use Ctrl+D to stop and go back to the console...)[0m))
Sending msg to client play-fork-run-fa85619f-08c3-4a0f-9b2b-7031689ef7c0: BackgroundJobLogEvent(2,LogMessage(info,))
Got request: ExecutionRequest(root/playForkNotifyStart http://localhost:9000)
Reading next message from client.
Sending msg to client play-fork-run-fa85619f-08c3-4a0f-9b2b-7031689ef7c0: (8,ExecutionRequestReceived(13))
Sending msg to client play-fork-run-fa85619f-08c3-4a0f-9b2b-7031689ef7c0: ExecutionWaiting(13,root/playForkNotifyStart http://localhost:9000,ClientInfo(fa85619f-08c3-4a0f-9b2b-7031689ef7c0,play-fork-run,Play Fork Run,1,Vector()))
Sending msg to client play-fork-run-fa85619f-08c3-4a0f-9b2b-7031689ef7c0: ExecutionStarting(13)
Sending msg to client play-fork-run-fa85619f-08c3-4a0f-9b2b-7031689ef7c0: DetachedLogEvent(LogMessage(debug,> root/playForkNotifyStart http://localhost:9000))
Sending msg to client play-fork-run-fa85619f-08c3-4a0f-9b2b-7031689ef7c0: DetachedLogEvent(LogMessage(debug,Evaluating tasks: *:playForkNotifyStart))
Sending msg to client play-fork-run-fa85619f-08c3-4a0f-9b2b-7031689ef7c0: DetachedLogEvent(LogMessage(debug,Running task... Cancel: sbt.server.ServerTaskCancellation@5f8c2a2a, check cycles: false))
Sending msg to client play-fork-run-fa85619f-08c3-4a0f-9b2b-7031689ef7c0: DetachedLogEvent(LogMessage(debug,cancel strategy start enabled=true lastCommand=Some(LastCommand(CommandExecutionWork(ExecutionId(13),root/playForkNotifyStart http://localhost:9000,Set(LiveClient(play-fork-run fa85619f-08c3-4a0f-9b2b-7031689ef7c0)),sbt.server.WorkCancellationStatus$$anon$1@1f1dc152)))))
Sending msg to client play-fork-run-fa85619f-08c3-4a0f-9b2b-7031689ef7c0: TaskStarted(13,1051,Some(AttributeKey[sbt.SendEventService]("sendEventService") in Scope(Global)))
Sending msg to client play-fork-run-fa85619f-08c3-4a0f-9b2b-7031689ef7c0: TaskFinished(13,1051,Some(AttributeKey[sbt.SendEventService]("sendEventService") in Scope(Global)),true,None)
Sending msg to client play-fork-run-fa85619f-08c3-4a0f-9b2b-7031689ef7c0: TaskStarted(13,1050,Some(AttributeKey[scala.Function1[java.lang.String,void]]("playForkStarted") in Scope(Build: file:/mnt/Datos/Universidad/2015-B/Ingenieria%20de%20Software%20II/Proyecto/SonrisitasApp/, , Project: ProjectReference(file:/mnt/Datos/Universidad/2015-B/Ingenieria%20de%20Software%20II/Proyecto/SonrisitasApp/,root))))
Sending msg to client play-fork-run-fa85619f-08c3-4a0f-9b2b-7031689ef7c0: TaskFinished(13,1050,Some(AttributeKey[scala.Function1[java.lang.String,void]]("playForkStarted") in Scope(Build: file:/mnt/Datos/Universidad/2015-B/Ingenieria%20de%20Software%20II/Proyecto/SonrisitasApp/, , Project: ProjectReference(file:/mnt/Datos/Universidad/2015-B/Ingenieria%20de%20Software%20II/Proyecto/SonrisitasApp/,root))),true,None)
Sending msg to client play-fork-run-fa85619f-08c3-4a0f-9b2b-7031689ef7c0: TaskStarted(13,1049,Some(AttributeKey[void]("playForkNotifyStart") in Scope(Build: file:/mnt/Datos/Universidad/2015-B/Ingenieria%20de%20Software%20II/Proyecto/SonrisitasApp/, , Project: ProjectReference(file:/mnt/Datos/Universidad/2015-B/Ingenieria%20de%20Software%20II/Proyecto/SonrisitasApp/,root))))
Sending msg to client play-fork-run-fa85619f-08c3-4a0f-9b2b-7031689ef7c0: TaskEvent(1049,LazyValue(PlayServerStarted(http://localhost:9000),play.forkrun.protocol.Serializers$PlayForkrunProtocolPlayServerStartedPickler1$2$@414b1a85))
Sending msg to client play-fork-run-fa85619f-08c3-4a0f-9b2b-7031689ef7c0: TaskFinished(13,1049,Some(AttributeKey[void]("playForkNotifyStart") in Scope(Build: file:/mnt/Datos/Universidad/2015-B/Ingenieria%20de%20Software%20II/Proyecto/SonrisitasApp/, , Project: ProjectReference(file:/mnt/Datos/Universidad/2015-B/Ingenieria%20de%20Software%20II/Proyecto/SonrisitasApp/,root))),true,None)
Sending msg to client play-fork-run-fa85619f-08c3-4a0f-9b2b-7031689ef7c0: TaskStarted(13,1048,None)
Sending msg to client play-fork-run-fa85619f-08c3-4a0f-9b2b-7031689ef7c0: TaskFinished(13,1048,None,true,None)
Sending msg to client play-fork-run-fa85619f-08c3-4a0f-9b2b-7031689ef7c0: TaskStarted(13,1047,None)
Sending msg to client play-fork-run-fa85619f-08c3-4a0f-9b2b-7031689ef7c0: TaskFinished(13,1047,None,true,None)
Sending msg to client play-fork-run-fa85619f-08c3-4a0f-9b2b-7031689ef7c0: DetachedLogEvent(LogMessage(debug,cancel strategy finish enabled=false lastCommand=Some(LastCommand(CommandExecutionWork(ExecutionId(13),root/playForkNotifyStart http://localhost:9000,Set(LiveClient(play-fork-run fa85619f-08c3-4a0f-9b2b-7031689ef7c0)),sbt.server.WorkCancellationStatus$$anon$1@1f1dc152)))))
Sending msg to client play-fork-run-fa85619f-08c3-4a0f-9b2b-7031689ef7c0: DetachedLogEvent(LogSuccess(Total time: 0 s, completed 17/11/2015 12:10:46))
Sending msg to client play-fork-run-fa85619f-08c3-4a0f-9b2b-7031689ef7c0: DetachedLogEvent(LogMessage(debug,> server-post-command-cleanup))
Sending msg to client play-fork-run-fa85619f-08c3-4a0f-9b2b-7031689ef7c0: ExecutionSuccess(13)
Sending msg to client play-fork-run-fa85619f-08c3-4a0f-9b2b-7031689ef7c0: DetachedLogEvent(LogMessage(debug,> server-handle-next-server-request))
